[    9803ms] [ERROR] Failed to load resource: the server responded with a status of 404 () @ https://login.microsoftonline.com/favicon.ico:0
[   14698ms] [WARNING] Possibly unhandled rejection: INCIDENTS.COMPONENTS.GRIDCOLUMNS.STATE @ https://icmcdn.akamaized.net/imp/v3/bundle/vendor-5f8a798114271a4c4af7.js:1
[   14699ms] [WARNING] Possibly unhandled rejection: INCIDENTS.COMPONENTS.GRIDCOLUMNS.CREATEDDATE @ https://icmcdn.akamaized.net/imp/v3/bundle/vendor-5f8a798114271a4c4af7.js:1
[   14699ms] [WARNING] Possibly unhandled rejection: INCIDENTS.COMPONENTS.GRIDCOLUMNS.BRIDGES @ https://icmcdn.akamaized.net/imp/v3/bundle/vendor-5f8a798114271a4c4af7.js:1
[   14699ms] [WARNING] Possibly unhandled rejection: INCIDENTS.COMPONENTS.GRIDCOLUMNS.TAGS @ https://icmcdn.akamaized.net/imp/v3/bundle/vendor-5f8a798114271a4c4af7.js:1
[   14857ms] [WARNING] Unsatisfied version ^4.17.21 from fast of shared singleton module lodash/isEmpty (required ^4.17.21) @ https://portal.microsofticm.com/imp/v5/fast/remoteEntry.js:0
[   14858ms] [WARNING] Unsatisfied version ^19.9.1 from fast of shared singleton module i18next (required ^19.9.1) @ https://portal.microsofticm.com/imp/v5/fast/remoteEntry.js:0
[   14858ms] [WARNING] Unsatisfied version ^4.17.21 from fast of shared singleton module lodash/isBoolean (required ^4.17.21) @ https://portal.microsofticm.com/imp/v5/fast/remoteEntry.js:0
[   14859ms] [WARNING] Unsatisfied version ^1.11.7 from fast of shared singleton module dayjs (required ^1.11.7) @ https://portal.microsofticm.com/imp/v5/fast/remoteEntry.js:0
[   14860ms] [WARNING] Unsatisfied version ^1.11.7 from fast of shared singleton module dayjs/plugin/utc (required ^1.11.7) @ https://portal.microsofticm.com/imp/v5/fast/remoteEntry.js:0
[   14860ms] [WARNING] Unsatisfied version ^1.11.7 from fast of shared singleton module dayjs/plugin/duration (required ^1.11.7) @ https://portal.microsofticm.com/imp/v5/fast/remoteEntry.js:0
[   14861ms] [WARNING] Unsatisfied version ^1.11.7 from fast of shared singleton module dayjs/plugin/timezone (required ^1.11.7) @ https://portal.microsofticm.com/imp/v5/fast/remoteEntry.js:0
[   14862ms] [WARNING] Unsatisfied version ^1.11.7 from fast of shared singleton module dayjs/plugin/advancedFormat (required ^1.11.7) @ https://portal.microsofticm.com/imp/v5/fast/remoteEntry.js:0
[   14862ms] [WARNING] Unsatisfied version ^3.3.1 from fast of shared singleton module dompurify (required ^3.3.1) @ https://portal.microsofticm.com/imp/v5/fast/remoteEntry.js:0
[   14864ms] [WARNING] Unsatisfied version ^0.30.2 from fast of shared singleton module axios (required ~0.30.2) @ https://portal.microsofticm.com/imp/v5/fast/remoteEntry.js:0
[   14864ms] [WARNING] Unsatisfied version ^4.35.3 from fast of shared singleton module @tanstack/react-query (required ^4.35.3) @ https://portal.microsofticm.com/imp/v5/fast/remoteEntry.js:0
[   14866ms] [WARNING] Unsatisfied version ^4.17.21 from fast of shared singleton module lodash/camelCase (required ^4.17.21) @ https://portal.microsofticm.com/imp/v5/fast/remoteEntry.js:0
[   14867ms] [WARNING] Unsatisfied version ^4.17.21 from fast of shared singleton module lodash/isNumber (required ^4.17.21) @ https://portal.microsofticm.com/imp/v5/fast/remoteEntry.js:0
[   14867ms] [WARNING] Unsatisfied version ^0.2.2 from fast of shared singleton module axios-cancel (required ~0.2.2) @ https://portal.microsofticm.com/imp/v5/fast/remoteEntry.js:0
[   14868ms] [WARNING] Unsatisfied version ^4.17.21 from fast of shared singleton module lodash (required ^4.17.21) @ https://portal.microsofticm.com/imp/v5/fast/remoteEntry.js:0
[   14869ms] [WARNING] Unsatisfied version ^4.17.21 from fast of shared singleton module lodash/chunk (required ^4.17.21) @ https://portal.microsofticm.com/imp/v5/fast/remoteEntry.js:0
[   14869ms] [WARNING] Unsatisfied version ^6.7.0 from fast of shared singleton module odata-query (required ^6.7.0) @ https://portal.microsofticm.com/imp/v5/fast/remoteEntry.js:0
[   14870ms] [WARNING] Unsatisfied version ^2.8.11 from fast of shared singleton module @microsoft/applicationinsights-web (required ^2.8.11) @ https://portal.microsofticm.com/imp/v5/fast/remoteEntry.js:0
[   14871ms] [WARNING] Unsatisfied version ^2.2.1 from fast of shared singleton module i18next-http-backend (required ^2.2.1) @ https://portal.microsofticm.com/imp/v5/fast/remoteEntry.js:0
[   14871ms] [WARNING] Unsatisfied version ^1.1.2 from fast of shared singleton module i18next-resources-to-backend (required ^1.1.2) @ https://portal.microsofticm.com/imp/v5/fast/remoteEntry.js:0
[   14872ms] [WARNING] Unsatisfied version ^4.2.0 from fast of shared singleton module i18next-chained-backend (required ^4.2.0) @ https://portal.microsofticm.com/imp/v5/fast/remoteEntry.js:0
[   14873ms] [WARNING] Unsatisfied version ^2.2.2 from fast of shared singleton module @fluentui/web-components (required ^2.2.2) @ https://portal.microsofticm.com/imp/v5/fast/remoteEntry.js:0
[   14874ms] [WARNING] Unsatisfied version ^4.17.21 from fast of shared singleton module lodash/debounce (required ^4.17.21) @ https://portal.microsofticm.com/imp/v5/fast/remoteEntry.js:0
[   14874ms] [WARNING] Unsatisfied version ^4.17.21 from fast of shared singleton module lodash/uniqBy (required ^4.17.21) @ https://portal.microsofticm.com/imp/v5/fast/remoteEntry.js:0
[   14875ms] [WARNING] Unsatisfied version ^3.0.1109 from fast of shared singleton module @elixir/telemetry-js (required ^3.0.1109) @ https://portal.microsofticm.com/imp/v5/fast/remoteEntry.js:0
[   14876ms] [WARNING] Unsatisfied version ^4.17.21 from fast of shared singleton module lodash/isUndefined (required ^4.17.21) @ https://portal.microsofticm.com/imp/v5/fast/remoteEntry.js:0
[   14876ms] [WARNING] Unsatisfied version ^3.0.15 from fast of shared singleton module @elixir/cxp-assets (required ^3.0.15) @ https://portal.microsofticm.com/imp/v5/fast/remoteEntry.js:0
[   16517ms] [ERROR] Failed to load resource: the server responded with a status of 404 () @ https://prod.microsofticm.com/api2/incidentapi/GetFavoriteQueries?$orderby=Query/Name:0
[   18892ms] [WARNING] Two or more equal requests without caching were sent in 5 seconds {method: GET, url: https://prod.microsofticm.com/api2/metadataapi/properties/GetSavedQueryProperties?propertyIds=7,3,1, data: undefined, ref: /imp/v3/incidents/search/advanced} @ https://icmcdn.akamaized.net/imp/v3/bundle/app-18ee5c319c879958efd1.js:1
[   20635ms] [WARNING] AI: CannotSerializeObjectNonSerializable message:"Attempting to serialize an object which does not implement ISerializable" props:"{name:baseData}" @ https://az416426.vo.msecnd.net/scripts/a/ai.0.js:0
[   20639ms] Uncaught TypeError: Cannot read properties of undefined (reading 'classList')
    at <anonymous> (https://icmcdn.akamaized.net/imp/v3/bundle/vendor-5f8a798114271a4c4af7.js:1:1622989)
    at <anonymous> (https://icmcdn.akamaized.net/imp/v3/bundle/vendor-5f8a798114271a4c4af7.js:1:1622949)
    at <anonymous> (https://icmcdn.akamaized.net/imp/v3/bundle/vendor-5f8a798114271a4c4af7.js:1:1622688)
[   20656ms] Uncaught TypeError: Cannot read properties of undefined (reading 'classList')
    at <anonymous> (https://icmcdn.akamaized.net/imp/v3/bundle/vendor-5f8a798114271a4c4af7.js:1:1622989)
    at <anonymous> (https://icmcdn.akamaized.net/imp/v3/bundle/vendor-5f8a798114271a4c4af7.js:1:1622949)
    at <anonymous> (https://icmcdn.akamaized.net/imp/v3/bundle/vendor-5f8a798114271a4c4af7.js:1:1622688)
